<?xml version="1.0" encoding="UTF-8"?>
<!-- Generated by org.testng.reporters.JUnitReportReporter -->
<testsuite hostname="Praveen" failures="0" tests="1" name="reqres.CRUDoperations.DeleteUserTest" time="4.049" errors="0" timestamp="2022-11-17T15:31:57 IST" skipped="0">
  <testcase classname="reqres.CRUDoperations.DeleteUserTest" name="deleteUser" time="4.049"/>
  <system-out/>
</testsuite> <!-- reqres.CRUDoperations.DeleteUserTest -->
