<?xml version="1.0" encoding="UTF-8"?>
<!-- Generated by org.testng.reporters.JUnitReportReporter -->
<testsuite hostname="Praveen" failures="0" tests="1" name="reqres.CRUDoperationWithBDDaprpach.GetAllUsersTest" time="2.823" errors="0" timestamp="2022-11-17T16:02:52 IST" skipped="0">
  <testcase classname="reqres.CRUDoperationWithBDDaprpach.GetAllUsersTest" name="getAllUsers" time="2.823"/>
  <system-out/>
</testsuite> <!-- reqres.CRUDoperationWithBDDaprpach.GetAllUsersTest -->
