<?xml version="1.0" encoding="UTF-8"?>
<!-- Generated by org.testng.reporters.JUnitReportReporter -->
<testsuite hostname="Praveen" failures="0" tests="1" name="reqres.CRUDoperations.GetAllUsersTest" time="3.544" errors="0" timestamp="2022-11-17T15:00:55 IST" skipped="0">
  <testcase classname="reqres.CRUDoperations.GetAllUsersTest" name="getAllUsers" time="3.544"/>
  <system-out/>
</testsuite> <!-- reqres.CRUDoperations.GetAllUsersTest -->
