<?xml version="1.0" encoding="UTF-8"?>
<!-- Generated by org.testng.reporters.JUnitReportReporter -->
<testsuite hostname="Praveen" failures="0" tests="1" name="reqres.CRUDoperationWithBDDaprpach.CreateUserTest" time="4.330" errors="0" timestamp="2022-11-18T14:54:20 IST" skipped="0">
  <testcase classname="reqres.CRUDoperationWithBDDaprpach.CreateUserTest" name="createuserTest" time="4.330"/>
  <system-out/>
</testsuite> <!-- reqres.CRUDoperationWithBDDaprpach.CreateUserTest -->
