<?xml version="1.0" encoding="UTF-8"?>
<!-- Generated by org.testng.reporters.JUnitReportReporter -->
<testsuite hostname="Praveen" failures="0" tests="1" name="reqres.CRUDoperations.CreateUserTest" time="3.875" errors="0" timestamp="2022-11-17T15:07:23 IST" skipped="0">
  <testcase classname="reqres.CRUDoperations.CreateUserTest" name="createuser" time="3.875"/>
  <system-out/>
</testsuite> <!-- reqres.CRUDoperations.CreateUserTest -->
