<?xml version="1.0" encoding="UTF-8"?>
<!-- Generated by org.testng.reporters.JUnitReportReporter -->
<testsuite hostname="Praveen" failures="0" tests="1" name="RequestChainingTest" time="7.119" errors="0" timestamp="2022-11-21T14:50:25 IST" skipped="0">
  <testcase classname="RequestChainingTest" name="requestChainingTest" time="7.119"/>
  <system-out/>
</testsuite> <!-- RequestChainingTest -->
